{"C:\\Users\\chpra\\OneDrive\\Desktop\\FoodDelivery\\src\\components\\Body.js": {"path":"C:\\Users\\chpra\\OneDrive\\Desktop\\FoodDelivery\\src\\components\\Body.js","statementMap":{"0":{"start":{"line":10,"column":13},"end":{"line":119,"column":1}},"1":{"start":{"line":11,"column":48},"end":{"line":11,"column":60}},"2":{"start":{"line":12,"column":60},"end":{"line":12,"column":72}},"3":{"start":{"line":13,"column":43},"end":{"line":13,"column":57}},"4":{"start":{"line":14,"column":25},"end":{"line":14,"column":42}},"5":{"start":{"line":19,"column":4},"end":{"line":22,"column":10}},"6":{"start":{"line":20,"column":8},"end":{"line":20,"column":20}},"7":{"start":{"line":25,"column":22},"end":{"line":34,"column":5}},"8":{"start":{"line":26,"column":21},"end":{"line":26,"column":172}},"9":{"start":{"line":28,"column":21},"end":{"line":28,"column":38}},"10":{"start":{"line":32,"column":8},"end":{"line":32,"column":102}},"11":{"start":{"line":33,"column":8},"end":{"line":33,"column":108}},"12":{"start":{"line":38,"column":4},"end":{"line":42,"column":5}},"13":{"start":{"line":39,"column":8},"end":{"line":41,"column":9}},"14":{"start":{"line":55,"column":4},"end":{"line":118,"column":5}},"15":{"start":{"line":60,"column":20},"end":{"line":60,"column":88}},"16":{"start":{"line":60,"column":64},"end":{"line":60,"column":86}},"17":{"start":{"line":62,"column":20},"end":{"line":62,"column":57}},"18":{"start":{"line":69,"column":20},"end":{"line":69,"column":50}},"19":{"start":{"line":77,"column":37},"end":{"line":77,"column":39}},"20":{"start":{"line":79,"column":20},"end":{"line":84,"column":21}},"21":{"start":{"line":79,"column":30},"end":{"line":79,"column":31}},"22":{"start":{"line":81,"column":24},"end":{"line":83,"column":25}},"23":{"start":{"line":82,"column":28},"end":{"line":82,"column":65}},"24":{"start":{"line":86,"column":20},"end":{"line":86,"column":58}},"25":{"start":{"line":108,"column":24},"end":{"line":110,"column":31}}},"fnMap":{"0":{"name":"(anonymous_0)","decl":{"start":{"line":10,"column":13},"end":{"line":10,"column":14}},"loc":{"start":{"line":10,"column":18},"end":{"line":119,"column":1}},"line":10},"1":{"name":"(anonymous_1)","decl":{"start":{"line":19,"column":14},"end":{"line":19,"column":15}},"loc":{"start":{"line":19,"column":19},"end":{"line":22,"column":5}},"line":19},"2":{"name":"(anonymous_2)","decl":{"start":{"line":25,"column":22},"end":{"line":25,"column":23}},"loc":{"start":{"line":25,"column":33},"end":{"line":34,"column":5}},"line":25},"3":{"name":"(anonymous_3)","decl":{"start":{"line":59,"column":111},"end":{"line":59,"column":112}},"loc":{"start":{"line":59,"column":116},"end":{"line":63,"column":17}},"line":59},"4":{"name":"(anonymous_4)","decl":{"start":{"line":60,"column":55},"end":{"line":60,"column":56}},"loc":{"start":{"line":60,"column":64},"end":{"line":60,"column":86}},"line":60},"5":{"name":"(anonymous_5)","decl":{"start":{"line":68,"column":171},"end":{"line":68,"column":172}},"loc":{"start":{"line":68,"column":177},"end":{"line":70,"column":17}},"line":68},"6":{"name":"(anonymous_6)","decl":{"start":{"line":74,"column":105},"end":{"line":74,"column":106}},"loc":{"start":{"line":74,"column":110},"end":{"line":87,"column":17}},"line":74},"7":{"name":"(anonymous_7)","decl":{"start":{"line":107,"column":44},"end":{"line":107,"column":45}},"loc":{"start":{"line":108,"column":24},"end":{"line":110,"column":31}},"line":108}},"branchMap":{"0":{"loc":{"start":{"line":38,"column":4},"end":{"line":42,"column":5}},"type":"if","locations":[{"start":{"line":38,"column":4},"end":{"line":42,"column":5}},{"start":{},"end":{}}],"line":38},"1":{"loc":{"start":{"line":55,"column":11},"end":{"line":118,"column":5}},"type":"cond-expr","locations":[{"start":{"line":55,"column":40},"end":{"line":55,"column":50}},{"start":{"line":56,"column":8},"end":{"line":117,"column":14}}],"line":55},"2":{"loc":{"start":{"line":81,"column":24},"end":{"line":83,"column":25}},"type":"if","locations":[{"start":{"line":81,"column":24},"end":{"line":83,"column":25}},{"start":{},"end":{}}],"line":81}},"s":{"0":1,"1":6,"2":6,"3":6,"4":6,"5":6,"6":2,"7":6,"8":2,"9":2,"10":2,"11":2,"12":6,"13":0,"14":6,"15":0,"16":0,"17":0,"18":1,"19":1,"20":1,"21":1,"22":9,"23":2,"24":1,"25":29},"f":{"0":6,"1":2,"2":2,"3":0,"4":0,"5":1,"6":1,"7":29},"b":{"0":[0,6],"1":[2,4],"2":[2,7]},"_coverageSchema":"1a1c01bbd47fc00a2c39e90264f33305004495a9","hash":"c94251b9b8b97dddf1fcb6ad488f9139a44b8834"}
,"C:\\Users\\chpra\\OneDrive\\Desktop\\FoodDelivery\\src\\components\\Cart.js": {"path":"C:\\Users\\chpra\\OneDrive\\Desktop\\FoodDelivery\\src\\components\\Cart.js","statementMap":{"0":{"start":{"line":5,"column":13},"end":{"line":25,"column":1}},"1":{"start":{"line":7,"column":22},"end":{"line":7,"column":62}},"2":{"start":{"line":7,"column":45},"end":{"line":7,"column":61}},"3":{"start":{"line":9,"column":21},"end":{"line":9,"column":34}},"4":{"start":{"line":10,"column":27},"end":{"line":13,"column":5}},"5":{"start":{"line":11,"column":8},"end":{"line":11,"column":30}},"6":{"start":{"line":15,"column":4},"end":{"line":24,"column":5}}},"fnMap":{"0":{"name":"(anonymous_0)","decl":{"start":{"line":5,"column":13},"end":{"line":5,"column":14}},"loc":{"start":{"line":5,"column":18},"end":{"line":25,"column":1}},"line":5},"1":{"name":"(anonymous_1)","decl":{"start":{"line":7,"column":34},"end":{"line":7,"column":35}},"loc":{"start":{"line":7,"column":45},"end":{"line":7,"column":61}},"line":7},"2":{"name":"(anonymous_2)","decl":{"start":{"line":10,"column":27},"end":{"line":10,"column":28}},"loc":{"start":{"line":10,"column":32},"end":{"line":13,"column":5}},"line":10}},"branchMap":{"0":{"loc":{"start":{"line":22,"column":13},"end":{"line":22,"column":63}},"type":"binary-expr","locations":[{"start":{"line":22,"column":13},"end":{"line":22,"column":32}},{"start":{"line":22,"column":36},"end":{"line":22,"column":63}}],"line":22}},"s":{"0":1,"1":4,"2":8,"3":4,"4":4,"5":1,"6":4},"f":{"0":4,"1":8,"2":1},"b":{"0":[4,2]},"_coverageSchema":"1a1c01bbd47fc00a2c39e90264f33305004495a9","hash":"e23ee8660ac1053d6b394adea18d2b875b6fda57"}
,"C:\\Users\\chpra\\OneDrive\\Desktop\\FoodDelivery\\src\\components\\Contact.js": {"path":"C:\\Users\\chpra\\OneDrive\\Desktop\\FoodDelivery\\src\\components\\Contact.js","statementMap":{"0":{"start":{"line":1,"column":16},"end":{"line":14,"column":1}},"1":{"start":{"line":2,"column":4},"end":{"line":13,"column":5}}},"fnMap":{"0":{"name":"(anonymous_0)","decl":{"start":{"line":1,"column":16},"end":{"line":1,"column":17}},"loc":{"start":{"line":1,"column":21},"end":{"line":14,"column":1}},"line":1}},"branchMap":{},"s":{"0":1,"1":2},"f":{"0":2},"b":{},"_coverageSchema":"1a1c01bbd47fc00a2c39e90264f33305004495a9","hash":"7847af5f24f7615f02c79a4e108c644aa28a0a72"}
,"C:\\Users\\chpra\\OneDrive\\Desktop\\FoodDelivery\\src\\components\\Header.js": {"path":"C:\\Users\\chpra\\OneDrive\\Desktop\\FoodDelivery\\src\\components\\Header.js","statementMap":{"0":{"start":{"line":9,"column":15},"end":{"line":51,"column":1}},"1":{"start":{"line":10,"column":36},"end":{"line":10,"column":53}},"2":{"start":{"line":11,"column":25},"end":{"line":11,"column":42}},"3":{"start":{"line":13,"column":26},"end":{"line":13,"column":49}},"4":{"start":{"line":16,"column":22},"end":{"line":16,"column":61}},"5":{"start":{"line":16,"column":44},"end":{"line":16,"column":60}},"6":{"start":{"line":19,"column":4},"end":{"line":50,"column":5}},"7":{"start":{"line":42,"column":24},"end":{"line":42,"column":87}}},"fnMap":{"0":{"name":"(anonymous_0)","decl":{"start":{"line":9,"column":15},"end":{"line":9,"column":16}},"loc":{"start":{"line":9,"column":20},"end":{"line":51,"column":1}},"line":9},"1":{"name":"(anonymous_1)","decl":{"start":{"line":16,"column":34},"end":{"line":16,"column":35}},"loc":{"start":{"line":16,"column":44},"end":{"line":16,"column":60}},"line":16},"2":{"name":"(anonymous_2)","decl":{"start":{"line":41,"column":62},"end":{"line":41,"column":63}},"loc":{"start":{"line":41,"column":67},"end":{"line":43,"column":21}},"line":41}},"branchMap":{"0":{"loc":{"start":{"line":27,"column":38},"end":{"line":27,"column":61}},"type":"cond-expr","locations":[{"start":{"line":27,"column":52},"end":{"line":27,"column":56}},{"start":{"line":27,"column":57},"end":{"line":27,"column":61}}],"line":27},"1":{"loc":{"start":{"line":42,"column":24},"end":{"line":42,"column":87}},"type":"cond-expr","locations":[{"start":{"line":42,"column":45},"end":{"line":42,"column":66}},{"start":{"line":42,"column":67},"end":{"line":42,"column":87}}],"line":42}},"s":{"0":2,"1":8,"2":8,"3":8,"4":8,"5":15,"6":8,"7":1},"f":{"0":8,"1":15,"2":1},"b":{"0":[8,0],"1":[1,0]},"_coverageSchema":"1a1c01bbd47fc00a2c39e90264f33305004495a9","hash":"cc23f8c0d16daf4a0d23a5538725aa2ec13ad319"}
,"C:\\Users\\chpra\\OneDrive\\Desktop\\FoodDelivery\\src\\components\\ItemCard.js": {"path":"C:\\Users\\chpra\\OneDrive\\Desktop\\FoodDelivery\\src\\components\\ItemCard.js","statementMap":{"0":{"start":{"line":5,"column":17},"end":{"line":50,"column":1}},"1":{"start":{"line":6,"column":23},"end":{"line":6,"column":28}},"2":{"start":{"line":10,"column":59},"end":{"line":10,"column":79}},"3":{"start":{"line":11,"column":26},"end":{"line":11,"column":61}},"4":{"start":{"line":15,"column":4},"end":{"line":49,"column":5}},"5":{"start":{"line":16,"column":8},"end":{"line":31,"column":9}},"6":{"start":{"line":34,"column":8},"end":{"line":48,"column":9}}},"fnMap":{"0":{"name":"(anonymous_0)","decl":{"start":{"line":5,"column":17},"end":{"line":5,"column":18}},"loc":{"start":{"line":5,"column":27},"end":{"line":50,"column":1}},"line":5}},"branchMap":{"0":{"loc":{"start":{"line":15,"column":4},"end":{"line":49,"column":5}},"type":"if","locations":[{"start":{"line":15,"column":4},"end":{"line":49,"column":5}},{"start":{"line":33,"column":8},"end":{"line":49,"column":5}}],"line":15}},"s":{"0":1,"1":0,"2":0,"3":0,"4":0,"5":0,"6":0},"f":{"0":0},"b":{"0":[0,0]},"_coverageSchema":"1a1c01bbd47fc00a2c39e90264f33305004495a9","hash":"69d331811420f089b2a1ecf94c95219e4351b7c8"}
,"C:\\Users\\chpra\\OneDrive\\Desktop\\FoodDelivery\\src\\components\\MenuItems.js": {"path":"C:\\Users\\chpra\\OneDrive\\Desktop\\FoodDelivery\\src\\components\\MenuItems.js","statementMap":{"0":{"start":{"line":5,"column":18},"end":{"line":33,"column":1}},"1":{"start":{"line":7,"column":21},"end":{"line":7,"column":34}},"2":{"start":{"line":9,"column":26},"end":{"line":11,"column":5}},"3":{"start":{"line":10,"column":8},"end":{"line":10,"column":32}},"4":{"start":{"line":13,"column":4},"end":{"line":32,"column":5}},"5":{"start":{"line":15,"column":33},"end":{"line":30,"column":18}},"6":{"start":{"line":25,"column":134},"end":{"line":25,"column":153}}},"fnMap":{"0":{"name":"(anonymous_0)","decl":{"start":{"line":5,"column":18},"end":{"line":5,"column":19}},"loc":{"start":{"line":5,"column":30},"end":{"line":33,"column":1}},"line":5},"1":{"name":"(anonymous_1)","decl":{"start":{"line":9,"column":26},"end":{"line":9,"column":27}},"loc":{"start":{"line":9,"column":35},"end":{"line":11,"column":5}},"line":9},"2":{"name":"(anonymous_2)","decl":{"start":{"line":15,"column":23},"end":{"line":15,"column":24}},"loc":{"start":{"line":15,"column":33},"end":{"line":30,"column":18}},"line":15},"3":{"name":"(anonymous_3)","decl":{"start":{"line":25,"column":128},"end":{"line":25,"column":129}},"loc":{"start":{"line":25,"column":134},"end":{"line":25,"column":153}},"line":25}},"branchMap":{},"s":{"0":1,"1":5,"2":5,"3":2,"4":5,"5":18,"6":2},"f":{"0":5,"1":2,"2":18,"3":2},"b":{},"_coverageSchema":"1a1c01bbd47fc00a2c39e90264f33305004495a9","hash":"6cca82373f27b05c59879e49679e3aea0a137ef6"}
,"C:\\Users\\chpra\\OneDrive\\Desktop\\FoodDelivery\\src\\components\\ResturantCard.js": {"path":"C:\\Users\\chpra\\OneDrive\\Desktop\\FoodDelivery\\src\\components\\ResturantCard.js","statementMap":{"0":{"start":{"line":6,"column":22},"end":{"line":23,"column":1}},"1":{"start":{"line":7,"column":22},"end":{"line":7,"column":27}},"2":{"start":{"line":9,"column":59},"end":{"line":9,"column":66}},"3":{"start":{"line":10,"column":26},"end":{"line":10,"column":49}},"4":{"start":{"line":12,"column":4},"end":{"line":22,"column":5}},"5":{"start":{"line":26,"column":40},"end":{"line":35,"column":1}},"6":{"start":{"line":27,"column":4},"end":{"line":34,"column":5}},"7":{"start":{"line":28,"column":8},"end":{"line":33,"column":9}}},"fnMap":{"0":{"name":"(anonymous_0)","decl":{"start":{"line":6,"column":22},"end":{"line":6,"column":23}},"loc":{"start":{"line":6,"column":32},"end":{"line":23,"column":1}},"line":6},"1":{"name":"(anonymous_1)","decl":{"start":{"line":26,"column":40},"end":{"line":26,"column":41}},"loc":{"start":{"line":26,"column":58},"end":{"line":35,"column":1}},"line":26},"2":{"name":"(anonymous_2)","decl":{"start":{"line":27,"column":11},"end":{"line":27,"column":12}},"loc":{"start":{"line":27,"column":20},"end":{"line":34,"column":5}},"line":27}},"branchMap":{},"s":{"0":2,"1":29,"2":29,"3":29,"4":29,"5":2,"6":0,"7":0},"f":{"0":29,"1":0,"2":0},"b":{},"_coverageSchema":"1a1c01bbd47fc00a2c39e90264f33305004495a9","hash":"2a8d9ae3153298404cd0bc740d7503690f4de52b"}
,"C:\\Users\\chpra\\OneDrive\\Desktop\\FoodDelivery\\src\\components\\ResturantCategory.js": {"path":"C:\\Users\\chpra\\OneDrive\\Desktop\\FoodDelivery\\src\\components\\ResturantCategory.js","statementMap":{"0":{"start":{"line":6,"column":26},"end":{"line":29,"column":1}},"1":{"start":{"line":10,"column":24},"end":{"line":14,"column":5}},"2":{"start":{"line":12,"column":8},"end":{"line":12,"column":23}},"3":{"start":{"line":16,"column":4},"end":{"line":28,"column":6}}},"fnMap":{"0":{"name":"(anonymous_0)","decl":{"start":{"line":6,"column":26},"end":{"line":6,"column":27}},"loc":{"start":{"line":6,"column":62},"end":{"line":29,"column":1}},"line":6},"1":{"name":"(anonymous_1)","decl":{"start":{"line":10,"column":24},"end":{"line":10,"column":25}},"loc":{"start":{"line":10,"column":29},"end":{"line":14,"column":5}},"line":10}},"branchMap":{"0":{"loc":{"start":{"line":25,"column":17},"end":{"line":25,"column":65}},"type":"binary-expr","locations":[{"start":{"line":25,"column":17},"end":{"line":25,"column":26}},{"start":{"line":25,"column":30},"end":{"line":25,"column":65}}],"line":25}},"s":{"0":1,"1":24,"2":1,"3":24},"f":{"0":24,"1":1},"b":{"0":[24,1]},"_coverageSchema":"1a1c01bbd47fc00a2c39e90264f33305004495a9","hash":"ae4487ece9a2fd8ab32d7af1c5686ed5e41a7637"}
,"C:\\Users\\chpra\\OneDrive\\Desktop\\FoodDelivery\\src\\components\\ResturantMenu.js": {"path":"C:\\Users\\chpra\\OneDrive\\Desktop\\FoodDelivery\\src\\components\\ResturantMenu.js","statementMap":{"0":{"start":{"line":9,"column":22},"end":{"line":83,"column":1}},"1":{"start":{"line":12,"column":20},"end":{"line":12,"column":31}},"2":{"start":{"line":13,"column":27},"end":{"line":13,"column":50}},"3":{"start":{"line":14,"column":38},"end":{"line":14,"column":48}},"4":{"start":{"line":33,"column":4},"end":{"line":33,"column":48}},"5":{"start":{"line":33,"column":30},"end":{"line":33,"column":48}},"6":{"start":{"line":35,"column":93},"end":{"line":35,"column":134}},"7":{"start":{"line":36,"column":25},"end":{"line":36,"column":71}},"8":{"start":{"line":45,"column":21},"end":{"line":45,"column":187}},"9":{"start":{"line":45,"column":98},"end":{"line":45,"column":186}},"10":{"start":{"line":46,"column":4},"end":{"line":46,"column":27}},"11":{"start":{"line":49,"column":4},"end":{"line":81,"column":5}},"12":{"start":{"line":68,"column":50},"end":{"line":73,"column":18}},"13":{"start":{"line":72,"column":36},"end":{"line":72,"column":55}}},"fnMap":{"0":{"name":"(anonymous_0)","decl":{"start":{"line":9,"column":22},"end":{"line":9,"column":23}},"loc":{"start":{"line":9,"column":27},"end":{"line":83,"column":1}},"line":9},"1":{"name":"(anonymous_1)","decl":{"start":{"line":45,"column":95},"end":{"line":45,"column":96}},"loc":{"start":{"line":45,"column":98},"end":{"line":45,"column":186}},"line":45},"2":{"name":"(anonymous_2)","decl":{"start":{"line":68,"column":28},"end":{"line":68,"column":29}},"loc":{"start":{"line":68,"column":50},"end":{"line":73,"column":18}},"line":68},"3":{"name":"(anonymous_3)","decl":{"start":{"line":72,"column":30},"end":{"line":72,"column":31}},"loc":{"start":{"line":72,"column":36},"end":{"line":72,"column":55}},"line":72}},"branchMap":{"0":{"loc":{"start":{"line":33,"column":4},"end":{"line":33,"column":48}},"type":"if","locations":[{"start":{"line":33,"column":4},"end":{"line":33,"column":48}},{"start":{},"end":{}}],"line":33},"1":{"loc":{"start":{"line":71,"column":27},"end":{"line":71,"column":57}},"type":"cond-expr","locations":[{"start":{"line":71,"column":45},"end":{"line":71,"column":49}},{"start":{"line":71,"column":52},"end":{"line":71,"column":57}}],"line":71}},"s":{"0":1,"1":4,"2":3,"3":3,"4":3,"5":1,"6":2,"7":2,"8":2,"9":32,"10":2,"11":2,"12":24,"13":1},"f":{"0":4,"1":32,"2":24,"3":1},"b":{"0":[1,2],"1":[1,23]},"_coverageSchema":"1a1c01bbd47fc00a2c39e90264f33305004495a9","hash":"0f37387ac6cd30b44f1c884657c990db85714810"}
,"C:\\Users\\chpra\\OneDrive\\Desktop\\FoodDelivery\\src\\components\\Shimmer.js": {"path":"C:\\Users\\chpra\\OneDrive\\Desktop\\FoodDelivery\\src\\components\\Shimmer.js","statementMap":{"0":{"start":{"line":2,"column":16},"end":{"line":37,"column":1}},"1":{"start":{"line":3,"column":4},"end":{"line":36,"column":6}}},"fnMap":{"0":{"name":"(anonymous_0)","decl":{"start":{"line":2,"column":16},"end":{"line":2,"column":17}},"loc":{"start":{"line":2,"column":22},"end":{"line":37,"column":1}},"line":2}},"branchMap":{},"s":{"0":2,"1":3},"f":{"0":3},"b":{},"_coverageSchema":"1a1c01bbd47fc00a2c39e90264f33305004495a9","hash":"9cde8722811a0e9188a9500832b72811f0165cc2"}
,"C:\\Users\\chpra\\OneDrive\\Desktop\\FoodDelivery\\src\\components\\sum.js": {"path":"C:\\Users\\chpra\\OneDrive\\Desktop\\FoodDelivery\\src\\components\\sum.js","statementMap":{"0":{"start":{"line":2,"column":12},"end":{"line":5,"column":1}},"1":{"start":{"line":4,"column":4},"end":{"line":4,"column":16}}},"fnMap":{"0":{"name":"(anonymous_0)","decl":{"start":{"line":2,"column":12},"end":{"line":2,"column":13}},"loc":{"start":{"line":2,"column":20},"end":{"line":5,"column":1}},"line":2}},"branchMap":{},"s":{"0":1,"1":1},"f":{"0":1},"b":{},"_coverageSchema":"1a1c01bbd47fc00a2c39e90264f33305004495a9","hash":"1066213d83d28af06937e0a3e0e6c196435b2203"}
,"C:\\Users\\chpra\\OneDrive\\Desktop\\FoodDelivery\\src\\utils\\UserContext.js": {"path":"C:\\Users\\chpra\\OneDrive\\Desktop\\FoodDelivery\\src\\utils\\UserContext.js","statementMap":{"0":{"start":{"line":3,"column":20},"end":{"line":5,"column":2}}},"fnMap":{},"branchMap":{},"s":{"0":4},"f":{},"b":{},"_coverageSchema":"1a1c01bbd47fc00a2c39e90264f33305004495a9","hash":"a754f61ccfd403a56e4640e1a2b47a6b88901c29"}
,"C:\\Users\\chpra\\OneDrive\\Desktop\\FoodDelivery\\src\\utils\\appStore.js": {"path":"C:\\Users\\chpra\\OneDrive\\Desktop\\FoodDelivery\\src\\utils\\appStore.js","statementMap":{"0":{"start":{"line":5,"column":17},"end":{"line":9,"column":2}}},"fnMap":{},"branchMap":{},"s":{"0":2},"f":{},"b":{},"_coverageSchema":"1a1c01bbd47fc00a2c39e90264f33305004495a9","hash":"b5b57c4fb70032a09501531a4b34255764de3680"}
,"C:\\Users\\chpra\\OneDrive\\Desktop\\FoodDelivery\\src\\utils\\cartSlice.js": {"path":"C:\\Users\\chpra\\OneDrive\\Desktop\\FoodDelivery\\src\\utils\\cartSlice.js","statementMap":{"0":{"start":{"line":3,"column":18},"end":{"line":19,"column":2}},"1":{"start":{"line":10,"column":12},"end":{"line":10,"column":45}},"2":{"start":{"line":13,"column":12},"end":{"line":13,"column":30}},"3":{"start":{"line":16,"column":12},"end":{"line":16,"column":33}},"4":{"start":{"line":21,"column":49},"end":{"line":21,"column":66}}},"fnMap":{"0":{"name":"(anonymous_0)","decl":{"start":{"line":9,"column":17},"end":{"line":9,"column":18}},"loc":{"start":{"line":9,"column":35},"end":{"line":11,"column":9}},"line":9},"1":{"name":"(anonymous_1)","decl":{"start":{"line":12,"column":19},"end":{"line":12,"column":20}},"loc":{"start":{"line":12,"column":37},"end":{"line":14,"column":9}},"line":12},"2":{"name":"(anonymous_2)","decl":{"start":{"line":15,"column":18},"end":{"line":15,"column":19}},"loc":{"start":{"line":15,"column":28},"end":{"line":17,"column":9}},"line":15}},"branchMap":{},"s":{"0":2,"1":2,"2":0,"3":1,"4":2},"f":{"0":2,"1":0,"2":1},"b":{},"_coverageSchema":"1a1c01bbd47fc00a2c39e90264f33305004495a9","hash":"a1bc694d19300bfbe883498e6f8034c814c309ad"}
,"C:\\Users\\chpra\\OneDrive\\Desktop\\FoodDelivery\\src\\utils\\constants.js": {"path":"C:\\Users\\chpra\\OneDrive\\Desktop\\FoodDelivery\\src\\utils\\constants.js","statementMap":{"0":{"start":{"line":1,"column":22},"end":{"line":1,"column":105}},"1":{"start":{"line":4,"column":23},"end":{"line":4,"column":151}},"2":{"start":{"line":6,"column":27},"end":{"line":6,"column":150}},"3":{"start":{"line":8,"column":24},"end":{"line":8,"column":119}}},"fnMap":{},"branchMap":{},"s":{"0":4,"1":4,"2":4,"3":4},"f":{},"b":{},"_coverageSchema":"1a1c01bbd47fc00a2c39e90264f33305004495a9","hash":"36b56350639f58e4a9b50beb084b2467364e8d89"}
,"C:\\Users\\chpra\\OneDrive\\Desktop\\FoodDelivery\\src\\utils\\mockData.js": {"path":"C:\\Users\\chpra\\OneDrive\\Desktop\\FoodDelivery\\src\\utils\\mockData.js","statementMap":{"0":{"start":{"line":1,"column":14},"end":{"line":2014,"column":3}}},"fnMap":{},"branchMap":{},"s":{"0":1},"f":{},"b":{},"_coverageSchema":"1a1c01bbd47fc00a2c39e90264f33305004495a9","hash":"05f7cb8589dbc211fa0328235593094c44b6abf8"}
,"C:\\Users\\chpra\\OneDrive\\Desktop\\FoodDelivery\\src\\utils\\useOnlineStatus.js": {"path":"C:\\Users\\chpra\\OneDrive\\Desktop\\FoodDelivery\\src\\utils\\useOnlineStatus.js","statementMap":{"0":{"start":{"line":4,"column":24},"end":{"line":21,"column":1}},"1":{"start":{"line":6,"column":44},"end":{"line":6,"column":58}},"2":{"start":{"line":8,"column":4},"end":{"line":18,"column":10}},"3":{"start":{"line":10,"column":8},"end":{"line":12,"column":10}},"4":{"start":{"line":11,"column":12},"end":{"line":11,"column":34}},"5":{"start":{"line":14,"column":8},"end":{"line":16,"column":10}},"6":{"start":{"line":15,"column":12},"end":{"line":15,"column":33}},"7":{"start":{"line":20,"column":4},"end":{"line":20,"column":24}}},"fnMap":{"0":{"name":"(anonymous_0)","decl":{"start":{"line":4,"column":24},"end":{"line":4,"column":25}},"loc":{"start":{"line":4,"column":29},"end":{"line":21,"column":1}},"line":4},"1":{"name":"(anonymous_1)","decl":{"start":{"line":8,"column":14},"end":{"line":8,"column":15}},"loc":{"start":{"line":8,"column":18},"end":{"line":18,"column":5}},"line":8},"2":{"name":"(anonymous_2)","decl":{"start":{"line":10,"column":43},"end":{"line":10,"column":44}},"loc":{"start":{"line":10,"column":47},"end":{"line":12,"column":9}},"line":10},"3":{"name":"(anonymous_3)","decl":{"start":{"line":14,"column":42},"end":{"line":14,"column":43}},"loc":{"start":{"line":14,"column":46},"end":{"line":16,"column":9}},"line":14}},"branchMap":{},"s":{"0":3,"1":14,"2":14,"3":6,"4":0,"5":6,"6":0,"7":14},"f":{"0":14,"1":6,"2":0,"3":0},"b":{},"_coverageSchema":"1a1c01bbd47fc00a2c39e90264f33305004495a9","hash":"f9a7f6faf9802485efdd9b08b2d92c58ab636722"}
,"C:\\Users\\chpra\\OneDrive\\Desktop\\FoodDelivery\\src\\utils\\useResturantMenu.js": {"path":"C:\\Users\\chpra\\OneDrive\\Desktop\\FoodDelivery\\src\\utils\\useResturantMenu.js","statementMap":{"0":{"start":{"line":4,"column":25},"end":{"line":19,"column":1}},"1":{"start":{"line":6,"column":46},"end":{"line":6,"column":60}},"2":{"start":{"line":8,"column":4},"end":{"line":10,"column":9}},"3":{"start":{"line":9,"column":8},"end":{"line":9,"column":20}},"4":{"start":{"line":12,"column":22},"end":{"line":16,"column":5}},"5":{"start":{"line":13,"column":21},"end":{"line":13,"column":55}},"6":{"start":{"line":14,"column":21},"end":{"line":14,"column":38}},"7":{"start":{"line":15,"column":8},"end":{"line":15,"column":36}},"8":{"start":{"line":18,"column":4},"end":{"line":18,"column":25}}},"fnMap":{"0":{"name":"(anonymous_0)","decl":{"start":{"line":4,"column":25},"end":{"line":4,"column":26}},"loc":{"start":{"line":4,"column":35},"end":{"line":19,"column":1}},"line":4},"1":{"name":"(anonymous_1)","decl":{"start":{"line":8,"column":14},"end":{"line":8,"column":15}},"loc":{"start":{"line":8,"column":20},"end":{"line":10,"column":5}},"line":8},"2":{"name":"(anonymous_2)","decl":{"start":{"line":12,"column":22},"end":{"line":12,"column":23}},"loc":{"start":{"line":12,"column":32},"end":{"line":16,"column":5}},"line":12}},"branchMap":{},"s":{"0":1,"1":3,"2":3,"3":1,"4":3,"5":1,"6":1,"7":1,"8":3},"f":{"0":3,"1":1,"2":1},"b":{},"_coverageSchema":"1a1c01bbd47fc00a2c39e90264f33305004495a9","hash":"f7829bf1f234ced058ef2202175d2cc3795b8b73"}
}
