TN:
SF:src\components\Body.js
FN:10,(anonymous_0)
FN:19,(anonymous_1)
FN:25,(anonymous_2)
FN:59,(anonymous_3)
FN:60,(anonymous_4)
FN:68,(anonymous_5)
FN:74,(anonymous_6)
FN:107,(anonymous_7)
FNF:8
FNH:6
FNDA:6,(anonymous_0)
FNDA:2,(anonymous_1)
FNDA:2,(anonymous_2)
FNDA:0,(anonymous_3)
FNDA:0,(anonymous_4)
FNDA:1,(anonymous_5)
FNDA:1,(anonymous_6)
FNDA:29,(anonymous_7)
DA:10,1
DA:11,6
DA:12,6
DA:13,6
DA:14,6
DA:19,6
DA:20,2
DA:25,6
DA:26,2
DA:28,2
DA:32,2
DA:33,2
DA:38,6
DA:39,0
DA:55,6
DA:60,0
DA:62,0
DA:69,1
DA:77,1
DA:79,1
DA:81,9
DA:82,2
DA:86,1
DA:108,29
LF:24
LH:21
BRDA:38,0,0,0
BRDA:38,0,1,6
BRDA:55,1,0,2
BRDA:55,1,1,4
BRDA:81,2,0,2
BRDA:81,2,1,7
BRF:6
BRH:5
end_of_record
TN:
SF:src\components\Cart.js
FN:5,(anonymous_0)
FN:7,(anonymous_1)
FN:10,(anonymous_2)
FNF:3
FNH:3
FNDA:4,(anonymous_0)
FNDA:8,(anonymous_1)
FNDA:1,(anonymous_2)
DA:5,1
DA:7,8
DA:9,4
DA:10,4
DA:11,1
DA:15,4
LF:6
LH:6
BRDA:22,0,0,4
BRDA:22,0,1,2
BRF:2
BRH:2
end_of_record
TN:
SF:src\components\Contact.js
FN:1,(anonymous_0)
FNF:1
FNH:1
FNDA:2,(anonymous_0)
DA:1,1
DA:2,2
LF:2
LH:2
BRF:0
BRH:0
end_of_record
TN:
SF:src\components\Header.js
FN:9,(anonymous_0)
FN:16,(anonymous_1)
FN:41,(anonymous_2)
FNF:3
FNH:3
FNDA:8,(anonymous_0)
FNDA:15,(anonymous_1)
FNDA:1,(anonymous_2)
DA:9,2
DA:10,8
DA:11,8
DA:13,8
DA:16,15
DA:19,8
DA:42,1
LF:7
LH:7
BRDA:27,0,0,8
BRDA:27,0,1,0
BRDA:42,1,0,1
BRDA:42,1,1,0
BRF:4
BRH:2
end_of_record
TN:
SF:src\components\ItemCard.js
FN:5,(anonymous_0)
FNF:1
FNH:0
FNDA:0,(anonymous_0)
DA:5,1
DA:6,0
DA:10,0
DA:11,0
DA:15,0
DA:16,0
DA:34,0
LF:7
LH:1
BRDA:15,0,0,0
BRDA:15,0,1,0
BRF:2
BRH:0
end_of_record
TN:
SF:src\components\MenuItems.js
FN:5,(anonymous_0)
FN:9,(anonymous_1)
FN:15,(anonymous_2)
FN:25,(anonymous_3)
FNF:4
FNH:4
FNDA:5,(anonymous_0)
FNDA:2,(anonymous_1)
FNDA:18,(anonymous_2)
FNDA:2,(anonymous_3)
DA:5,1
DA:7,5
DA:9,5
DA:10,2
DA:13,5
DA:15,18
DA:25,2
LF:7
LH:7
BRF:0
BRH:0
end_of_record
TN:
SF:src\components\ResturantCard.js
FN:6,(anonymous_0)
FN:26,(anonymous_1)
FN:27,(anonymous_2)
FNF:3
FNH:1
FNDA:29,(anonymous_0)
FNDA:0,(anonymous_1)
FNDA:0,(anonymous_2)
DA:6,2
DA:7,29
DA:9,29
DA:10,29
DA:12,29
DA:26,2
DA:27,0
DA:28,0
LF:8
LH:6
BRF:0
BRH:0
end_of_record
TN:
SF:src\components\ResturantCategory.js
FN:6,(anonymous_0)
FN:10,(anonymous_1)
FNF:2
FNH:2
FNDA:24,(anonymous_0)
FNDA:1,(anonymous_1)
DA:6,1
DA:10,24
DA:12,1
DA:16,24
LF:4
LH:4
BRDA:25,0,0,24
BRDA:25,0,1,1
BRF:2
BRH:2
end_of_record
TN:
SF:src\components\ResturantMenu.js
FN:9,(anonymous_0)
FN:45,(anonymous_1)
FN:68,(anonymous_2)
FN:72,(anonymous_3)
FNF:4
FNH:4
FNDA:4,(anonymous_0)
FNDA:32,(anonymous_1)
FNDA:24,(anonymous_2)
FNDA:1,(anonymous_3)
DA:9,1
DA:12,4
DA:13,3
DA:14,3
DA:33,3
DA:35,2
DA:36,2
DA:45,32
DA:46,2
DA:49,2
DA:68,24
DA:72,1
LF:12
LH:12
BRDA:33,0,0,1
BRDA:33,0,1,2
BRDA:71,1,0,1
BRDA:71,1,1,23
BRF:4
BRH:4
end_of_record
TN:
SF:src\components\Shimmer.js
FN:2,(anonymous_0)
FNF:1
FNH:1
FNDA:3,(anonymous_0)
DA:2,2
DA:3,3
LF:2
LH:2
BRF:0
BRH:0
end_of_record
TN:
SF:src\components\sum.js
FN:2,(anonymous_0)
FNF:1
FNH:1
FNDA:1,(anonymous_0)
DA:2,1
DA:4,1
LF:2
LH:2
BRF:0
BRH:0
end_of_record
TN:
SF:src\utils\UserContext.js
FNF:0
FNH:0
DA:3,4
LF:1
LH:1
BRF:0
BRH:0
end_of_record
TN:
SF:src\utils\appStore.js
FNF:0
FNH:0
DA:5,2
LF:1
LH:1
BRF:0
BRH:0
end_of_record
TN:
SF:src\utils\cartSlice.js
FN:9,(anonymous_0)
FN:12,(anonymous_1)
FN:15,(anonymous_2)
FNF:3
FNH:2
FNDA:2,(anonymous_0)
FNDA:0,(anonymous_1)
FNDA:1,(anonymous_2)
DA:3,2
DA:10,2
DA:13,0
DA:16,1
DA:21,2
LF:5
LH:4
BRF:0
BRH:0
end_of_record
TN:
SF:src\utils\constants.js
FNF:0
FNH:0
DA:1,4
DA:4,4
DA:6,4
DA:8,4
LF:4
LH:4
BRF:0
BRH:0
end_of_record
TN:
SF:src\utils\mockData.js
FNF:0
FNH:0
DA:1,1
LF:1
LH:1
BRF:0
BRH:0
end_of_record
TN:
SF:src\utils\useOnlineStatus.js
FN:4,(anonymous_0)
FN:8,(anonymous_1)
FN:10,(anonymous_2)
FN:14,(anonymous_3)
FNF:4
FNH:2
FNDA:14,(anonymous_0)
FNDA:6,(anonymous_1)
FNDA:0,(anonymous_2)
FNDA:0,(anonymous_3)
DA:4,3
DA:6,14
DA:8,14
DA:10,6
DA:11,0
DA:14,6
DA:15,0
DA:20,14
LF:8
LH:6
BRF:0
BRH:0
end_of_record
TN:
SF:src\utils\useResturantMenu.js
FN:4,(anonymous_0)
FN:8,(anonymous_1)
FN:12,(anonymous_2)
FNF:3
FNH:3
FNDA:3,(anonymous_0)
FNDA:1,(anonymous_1)
FNDA:1,(anonymous_2)
DA:4,1
DA:6,3
DA:8,3
DA:9,1
DA:12,3
DA:13,1
DA:14,1
DA:15,1
DA:18,3
LF:9
LH:9
BRF:0
BRH:0
end_of_record
